<?xml version="1.0" encoding="UTF-8"?>
<!-- Generated by org.testng.reporters.JUnitReportReporter -->
<testsuite hostname="115-109-205-92" failures="0" tests="3" name="geodisTenderCreate.TestcaseGeodisCreateTender" time="36.049" errors="0" timestamp="2024-05-31T07:57:46 PDT" skipped="0">
  <testcase classname="geodisTenderCreate.TestcaseGeodisCreateTender" name="testDatabaseConnectionAndLogin" time="3.545"/>
  <testcase classname="geodisTenderCreate.TestcaseGeodisCreateTender" name="SearchTender" time="0.974"/>
  <testcase classname="geodisTenderCreate.TestcaseGeodisCreateTender" name="TestUpdateMapping" time="31.530"/>
</testsuite> <!-- geodisTenderCreate.TestcaseGeodisCreateTender -->
