<?xml version="1.0" encoding="UTF-8"?>
<!-- Generated by org.testng.reporters.JUnitReportReporter -->
<testsuite hostname="115-109-205-92" failures="0" tests="2" name="geodisTenderCreate.TestcaseGeodisCreateTender" time="46.900" errors="0" timestamp="2024-05-30T06:22:18 PDT" skipped="0">
  <testcase classname="geodisTenderCreate.TestcaseGeodisCreateTender" name="testDatabaseConnectionAndLogin" time="21.294"/>
  <testcase classname="geodisTenderCreate.TestcaseGeodisCreateTender" name="TestCreateTender" time="25.606"/>
</testsuite> <!-- geodisTenderCreate.TestcaseGeodisCreateTender -->
