<?xml version="1.0" encoding="UTF-8"?>
<!-- Generated by org.testng.reporters.JUnitReportReporter -->
<testsuite hostname="DESKTOP-3HFKFJE" failures="0" tests="1" name="TestNGTest.TestNGDemo3" time="32.232" errors="0" timestamp="15 avr. 2024 07:42:46 GMT" skipped="0">
  <testcase classname="TestNGTest.TestNGDemo3" name="googleSearch" time="32.232"/>
</testsuite> <!-- TestNGTest.TestNGDemo3 -->
