<?xml version="1.0" encoding="UTF-8"?>
<!-- Generated by org.testng.reporters.JUnitReportReporter -->
<testsuite hostname="DESKTOP-3HFKFJE" failures="0" tests="1" name="TestNGTest.TestNGDemo3" time="29.050" errors="0" timestamp="08 avr. 2024 06:56:08 GMT" skipped="0">
  <testcase classname="TestNGTest.TestNGDemo3" name="googleSearch" time="29.050"/>
</testsuite> <!-- TestNGTest.TestNGDemo3 -->
